Manatee version: open-2.225.8
Reading corpus configuration...
PATH=/corpora/moby_dick/indexed/
VERTICAL=/corpora/moby_dick/vertical/*
WSDEF=
WSHIST=
SUBCDEF=
WSBASE=
WSATTR=
WSTHES=
WSMINHITS=
WSOLDSCORES=
ALIGNDEF=
ALIGNED=
TERMDEF=
TERMBASE=
REFCORPUS=
ATTRLIST=word,wsafter,lemma,upos,xpos,features,dep_id,dep_head,deprel,idx,token_text,ner
DIACHRONIC=
DIAPOSATTRS=
SUBCBASE=/corpora/moby_dick/indexed/subcorp/
Vertical text will be read from /corpora/moby_dick/vertical/source
Backing-up log directory to /tmp/compilecorp-log-backup-167
Deleting corpus PATH directory...
Restoring log directory...
Compiling corpus...
[20251104-01:20:29] Available memory 64327MB, estimated usage 573MB
[20251104-01:20:29] encodevert: cannot open file `/corpora/moby_dick/vertical/*' [No such file or directory]
<---
ERROR: line 447 - command 'encodevert -m $LEXICON_CACHE -c "$@"' exited with status: 1
   ... Error at ::main::main called at line 974
--->
Writing log to /corpora/moby_dick/indexed/log/compilecorp_2025-11-04_0120.log
