Manatee version: open-2.225.8
Reading corpus configuration...
PATH=/corpora/fitzgerald/indexed/
VERTICAL=| cat /corpora/fitzgerald/vertical/*
WSDEF=
WSHIST=
SUBCDEF=
WSBASE=
WSATTR=
WSTHES=
WSMINHITS=
WSOLDSCORES=
ALIGNDEF=
ALIGNED=
TERMDEF=
TERMBASE=
REFCORPUS=
ATTRLIST=word,wsafter,lemma,upos,xpos,features,dep_id,dep_head,deprel,idx,token_text,ner
DIACHRONIC=
DIAPOSATTRS=
SUBCBASE=/corpora/fitzgerald/indexed/subcorp/
Vertical text will be read from | cat /corpora/fitzgerald/vertical/*
Deleting corpus PATH directory...
Compiling corpus...
[20251104-11:49:37] Available memory 64327MB, estimated usage 573MB
cat: '/corpora/fitzgerald/vertical/*': No such file or directory
[20251104-11:49:37] ERROR: child process exited abnormally: status 256
[20251104-11:49:37] Reading input file finished.
[20251104-11:49:37] Closing structure doc ...
[20251104-11:49:37] warning: structure attribute (doc.file) never present
[20251104-11:49:37] lexicon (/corpora/fitzgerald/indexed/doc.file) writing FSA...
[20251104-11:49:37] Writing FSA finished
[20251104-11:49:37]             ... finished.
[20251104-11:49:37] Closing structure p ...
[20251104-11:49:37]             ... finished.
[20251104-11:49:37] Closing structure s ...
[20251104-11:49:37]             ... finished.
[20251104-11:49:37] Closing attribute /corpora/fitzgerald/indexed/word ...
[20251104-11:49:37] lexicon (/corpora/fitzgerald/indexed/word) writing FSA...
[20251104-11:49:37] Writing FSA finished
[20251104-11:49:37]             ... finished.
[20251104-11:49:37] Closing attribute /corpora/fitzgerald/indexed/wsafter ...
[20251104-11:49:37] lexicon (/corpora/fitzgerald/indexed/wsafter) writing FSA...
[20251104-11:49:37] Writing FSA finished
[20251104-11:49:37]             ... finished.
[20251104-11:49:37] Closing attribute /corpora/fitzgerald/indexed/lemma ...
[20251104-11:49:37] lexicon (/corpora/fitzgerald/indexed/lemma) writing FSA...
[20251104-11:49:37] Writing FSA finished
[20251104-11:49:37]             ... finished.
[20251104-11:49:37] Closing attribute /corpora/fitzgerald/indexed/upos ...
[20251104-11:49:37] lexicon (/corpora/fitzgerald/indexed/upos) writing FSA...
[20251104-11:49:37] Writing FSA finished
[20251104-11:49:37]             ... finished.
[20251104-11:49:37] Closing attribute /corpora/fitzgerald/indexed/xpos ...
[20251104-11:49:37] lexicon (/corpora/fitzgerald/indexed/xpos) writing FSA...
[20251104-11:49:37] Writing FSA finished
[20251104-11:49:37]             ... finished.
[20251104-11:49:37] Closing attribute /corpora/fitzgerald/indexed/features ...
[20251104-11:49:37] lexicon (/corpora/fitzgerald/indexed/features) writing FSA...
[20251104-11:49:37] Writing FSA finished
[20251104-11:49:37]             ... finished.
[20251104-11:49:37] Closing attribute /corpora/fitzgerald/indexed/dep_id ...
[20251104-11:49:37] lexicon (/corpora/fitzgerald/indexed/dep_id) writing FSA...
[20251104-11:49:37] Writing FSA finished
[20251104-11:49:37]             ... finished.
[20251104-11:49:37] Closing attribute /corpora/fitzgerald/indexed/dep_head ...
[20251104-11:49:37] lexicon (/corpora/fitzgerald/indexed/dep_head) writing FSA...
[20251104-11:49:37] Writing FSA finished
[20251104-11:49:37]             ... finished.
[20251104-11:49:37] Closing attribute /corpora/fitzgerald/indexed/deprel ...
[20251104-11:49:37] lexicon (/corpora/fitzgerald/indexed/deprel) writing FSA...
[20251104-11:49:37] Writing FSA finished
[20251104-11:49:37]             ... finished.
[20251104-11:49:37] Closing attribute /corpora/fitzgerald/indexed/idx ...
[20251104-11:49:37] lexicon (/corpora/fitzgerald/indexed/idx) writing FSA...
[20251104-11:49:37] Writing FSA finished
[20251104-11:49:37]             ... finished.
[20251104-11:49:37] Closing attribute /corpora/fitzgerald/indexed/token_text ...
[20251104-11:49:37] lexicon (/corpora/fitzgerald/indexed/token_text) writing FSA...
[20251104-11:49:37] Writing FSA finished
[20251104-11:49:37]             ... finished.
[20251104-11:49:37] Closing attribute /corpora/fitzgerald/indexed/ner ...
[20251104-11:49:37] lexicon (/corpora/fitzgerald/indexed/ner) writing FSA...
[20251104-11:49:37] Writing FSA finished
[20251104-11:49:37]             ... finished.
[20251104-11:49:37] Processed 0 lines, 0 positions.
[20251104-11:49:37] Summary of errors encountered in the input file:
[20251104-11:49:37] Only first 100 occurrences emitted, use -v to emit each occurrence.
<---
ERROR: line 447 - command 'encodevert -m $LEXICON_CACHE -c "$@"' exited with status: 1
   ... Error at ::main::main called at line 974
--->
Writing log to /corpora/fitzgerald/indexed/log/compilecorp_2025-11-04_1149.log
